make --dry-run --always-make --keep-going --print-directory
make: Entering directory `/Users/dida-sil/Desktop/foco'
make -C libft/
 
make[1]: Entering directory `/Users/dida-sil/Desktop/foco/libft'
printf "Checking [\e[38;5;6m\e[4mObjects of libft.a\e[m]...\n"
cc -g -Wall -Wextra -Werror   -c -o ft_atoi.o ft_atoi.c
cc -g -Wall -Wextra -Werror   -c -o ft_bzero.o ft_bzero.c
cc -g -Wall -Wextra -Werror   -c -o ft_calloc.o ft_calloc.c
cc -g -Wall -Wextra -Werror   -c -o ft_isalnum.o ft_isalnum.c
cc -g -Wall -Wextra -Werror   -c -o ft_isalpha.o ft_isalpha.c
cc -g -Wall -Wextra -Werror   -c -o ft_isascii.o ft_isascii.c
cc -g -Wall -Wextra -Werror   -c -o ft_isdigit.o ft_isdigit.c
cc -g -Wall -Wextra -Werror   -c -o ft_isprint.o ft_isprint.c
cc -g -Wall -Wextra -Werror   -c -o ft_itoa.o ft_itoa.c
cc -g -Wall -Wextra -Werror   -c -o ft_memchr.o ft_memchr.c
cc -g -Wall -Wextra -Werror   -c -o ft_memcmp.o ft_memcmp.c
cc -g -Wall -Wextra -Werror   -c -o ft_memcpy.o ft_memcpy.c
cc -g -Wall -Wextra -Werror   -c -o ft_memmove.o ft_memmove.c
cc -g -Wall -Wextra -Werror   -c -o ft_memset.o ft_memset.c
cc -g -Wall -Wextra -Werror   -c -o ft_nbrlen.o ft_nbrlen.c
cc -g -Wall -Wextra -Werror   -c -o ft_putchar_fd.o ft_putchar_fd.c
cc -g -Wall -Wextra -Werror   -c -o ft_putendl_fd.o ft_putendl_fd.c
cc -g -Wall -Wextra -Werror   -c -o ft_putnbr_fd.o ft_putnbr_fd.c
cc -g -Wall -Wextra -Werror   -c -o ft_putstr_fd.o ft_putstr_fd.c
cc -g -Wall -Wextra -Werror   -c -o ft_split.o ft_split.c
cc -g -Wall -Wextra -Werror   -c -o ft_strchr.o ft_strchr.c
cc -g -Wall -Wextra -Werror   -c -o ft_strdup.o ft_strdup.c
cc -g -Wall -Wextra -Werror   -c -o ft_striteri.o ft_striteri.c
cc -g -Wall -Wextra -Werror   -c -o ft_strjoin.o ft_strjoin.c
cc -g -Wall -Wextra -Werror   -c -o ft_strlcat.o ft_strlcat.c
cc -g -Wall -Wextra -Werror   -c -o ft_strlcpy.o ft_strlcpy.c
cc -g -Wall -Wextra -Werror   -c -o ft_strlen.o ft_strlen.c
cc -g -Wall -Wextra -Werror   -c -o ft_strmapi.o ft_strmapi.c
cc -g -Wall -Wextra -Werror   -c -o ft_strncmp.o ft_strncmp.c
cc -g -Wall -Wextra -Werror   -c -o ft_strnstr.o ft_strnstr.c
cc -g -Wall -Wextra -Werror   -c -o ft_strrchr.o ft_strrchr.c
cc -g -Wall -Wextra -Werror   -c -o ft_strtrim.o ft_strtrim.c
cc -g -Wall -Wextra -Werror   -c -o ft_substr.o ft_substr.c
cc -g -Wall -Wextra -Werror   -c -o ft_tolower.o ft_tolower.c
cc -g -Wall -Wextra -Werror   -c -o ft_toupper.o ft_toupper.c
printf "[\e[38;5;6m\e[4mObjects of libft.a\e[m] \e[38;5;2mHas Been Compiled!\e[m\n"
make -C ft_printf/
make[2]: Entering directory `/Users/dida-sil/Desktop/foco/libft/ft_printf'
printf "\e[1mChecking [\e[38;5;6m\e[4mObjects of libftprintf.a\e[m]...\n"
cc -g -Wall -Wextra -Werror -I ../../includes -c ft_printf.c -o ft_printf.o
cc -g -Wall -Wextra -Werror -I ../../includes -c ft_puthex_fd.c -o ft_puthex_fd.o
cc -g -Wall -Wextra -Werror -I ../../includes -c ft_putptr_fd.c -o ft_putptr_fd.o
cc -g -Wall -Wextra -Werror -I ../../includes -c ft_putunbr_fd.c -o ft_putunbr_fd.o
printf "[\e[38;5;6m\e[4mObjects of libftprintf.a\e[m] \e[38;5;2mHas Been \e[1mCompiled!\e[m\n"
ar rcs libftprintf.a ft_printf.o ft_puthex_fd.o ft_putptr_fd.o ft_putunbr_fd.o
printf "[\e[38;5;6m\e[4mlibftprintf.a\e[m] \e[38;5;2mHas Been \e[1mCreated!\e[m\n"
make[2]: Leaving directory `/Users/dida-sil/Desktop/foco/libft/ft_printf'
cp ft_printf/libftprintf.a ./libft.a
ar rcs libft.a ft_atoi.o ft_bzero.o ft_calloc.o ft_isalnum.o ft_isalpha.o ft_isascii.o ft_isdigit.o ft_isprint.o ft_itoa.o ft_memchr.o ft_memcmp.o ft_memcpy.o ft_memmove.o ft_memset.o ft_nbrlen.o ft_putchar_fd.o ft_putendl_fd.o ft_putnbr_fd.o ft_putstr_fd.o ft_split.o ft_strchr.o ft_strdup.o ft_striteri.o ft_strjoin.o ft_strlcat.o ft_strlcpy.o ft_strlen.o ft_strmapi.o ft_strncmp.o ft_strnstr.o ft_strrchr.o ft_strtrim.o ft_substr.o ft_tolower.o ft_toupper.o
printf "[\e[38;5;6m\e[4mlibft.a\e[m] \e[38;5;2mHas Been Created!\e[m\n"
make[1]: Leaving directory `/Users/dida-sil/Desktop/foco/libft'
cp libft/libft.a ./
printf "Checking [\e[38;5;6m\e[4mObjects of client\e[m]...\n"
cc -g -Wall -Wextra -Werror   -c -o client.o client.c
printf "[\e[38;5;6m\e[4mObjects of client\e[m] \e[38;5;2mHas Been Compiled!\e[m\n"
cc -g -Wall -Wextra -Werror client.o libft.a -o client
printf "[\e[38;5;6m\e[4mclient\e[m] \e[38;5;2mHas Been Created!\e[m\n"
printf "Checking [\e[38;5;6m\e[4mObjects of server\e[m]...\n"
cc -g -Wall -Wextra -Werror   -c -o server.o server.c
printf "[\e[38;5;6m\e[4mObjects of server\e[m] \e[38;5;2mHas Been Compiled!\e[m\n"
cc -g -Wall -Wextra -Werror server.o libft.a -o server
printf "[\e[38;5;6m\e[4mserver\e[m] \e[38;5;2mHas Been Created!\e[m\n"
make: Leaving directory `/Users/dida-sil/Desktop/foco'
 
