make all --print-data-base --no-builtin-variables --no-builtin-rules --question
# GNU Make 3.81
# Copyright (C) 2006  Free Software Foundation, Inc.
# This is free software; see the source for copying conditions.
# There is NO warranty; not even for MERCHANTABILITY or FITNESS FOR A
# PARTICULAR PURPOSE.

# This program built for i386-apple-darwin11.3.0
 
# GNU Make 3.81
# Copyright (C) 2006  Free Software Foundation, Inc.
# This is free software; see the source for copying conditions.
# There is NO warranty; not even for MERCHANTABILITY or FITNESS FOR A
# PARTICULAR PURPOSE.

# This program built for i386-apple-darwin11.3.0

# Make data base, printed on Tue Aug 23 13:07:58 2022

# Variables

# automatic
<D = $(patsubst %/,%,$(dir $<))
# automatic
?F = $(notdir $?)
# automatic
?D = $(patsubst %/,%,$(dir $?))
# automatic
@D = $(patsubst %/,%,$(dir $@))
# automatic
@F = $(notdir $@)
# makefile
CURDIR := /Users/dida-sil/Desktop/foco/libft
# makefile (from `Makefile', line 78)
PINK = \e[38;5;13m
# makefile
SHELL = /bin/sh
# makefile (from `Makefile', line 64)
RM = rm -rf
# environment
VSCODE_NLS_CONFIG = {"locale":"en-us","availableLanguages":{},"_languagePackSupport":true}
# environment
_ = /usr/bin/make
# makefile (from `Makefile', line 67)
CFLAGS = -g -Wall -Wextra -Werror
# makefile (from `Makefile', line 76)
BLUE = \e[38;5;6m
# makefile (from `Makefile', line 1)
MAKEFILE_LIST :=  Makefile
# makefile (from `Makefile', line 59)
OBJS = $(SRCS:.c=.o)
# makefile (from `Makefile', line 72)
BLANK = \e[m
# environment
VSCODE_CWD = /
# environment
PATH = /usr/local/bin:/usr/bin:/bin:/usr/sbin:/sbin:/usr/local/munki
# environment
LaunchInstanceID = F68A9196-5B02-44D4-A4DF-A2B99BCD4339
# makefile (from `Makefile', line 63)
AR = ar rcs
# environment
ELECTRON_RUN_AS_NODE = 1
# default
.FEATURES := target-specific order-only second-expansion else-if archives jobserver check-symlink
# makefile (from `Makefile', line 77)
PURPLE = \e[38;5;5m
# environment
SSH_AUTH_SOCK = /private/tmp/com.apple.launchd.RKXt1S2j8d/Listeners
# automatic
%F = $(notdir $%)
# environment
PWD = /Users/dida-sil/Desktop/foco
# makefile (from `Makefile', line 88)
UPALIGN = \e[73m
# makefile (from `Makefile', line 81)
STRONG = \e[1m
# environment
ORIGINAL_XDG_CURRENT_DESKTOP = undefined
# makefile (from `Makefile', line 75)
GREEN = \e[38;5;2m
# environment
VSCODE_AMD_ENTRYPOINT = vs/workbench/api/node/extensionHostProcess
# environment
HOME = /Users/dida-sil
# default
MAKEFILEPATH := /Applications/Xcode.app/Contents/Developer/Makefiles
# environment
VSCODE_CODE_CACHE_PATH = /Users/dida-sil/Library/Application Support/Code/CachedData/e4503b30fc78200f846c62cf8091b76ff5547662
# environment
LOGNAME = dida-sil
# environment
APPLICATION_INSIGHTS_NO_DIAGNOSTIC_CHANNEL = 1
# environment
VSCODE_HANDLES_UNCAUGHT_ERRORS = true
# automatic
^D = $(patsubst %/,%,$(dir $^))
# environment
XPC_FLAGS = 0x0
# makefile (from `Makefile', line 66)
MAKE = make -C
# makefile (from `Makefile', line 23)
SRCS = ft_atoi.c ft_bzero.c ft_calloc.c ft_isalnum.c ft_isalpha.c ft_isascii.c ft_isdigit.c ft_isprint.c ft_itoa.c ft_memchr.c ft_memcmp.c ft_memcpy.c ft_memmove.c ft_memset.c ft_nbrlen.c ft_putchar_fd.c ft_putendl_fd.c ft_putnbr_fd.c ft_putstr_fd.c ft_split.c ft_strchr.c ft_strdup.c ft_striteri.c ft_strjoin.c ft_strlcat.c ft_strlcpy.c ft_strlen.c ft_strmapi.c ft_strncmp.c ft_strnstr.c ft_strrchr.c ft_strtrim.c ft_substr.c ft_tolower.c ft_toupper.c
# environment
SHLVL = 1
# makefile (from `Makefile', line 79)
WHITE = \e[38;5;15m
# makefile (from `Makefile', line 65)
CC = cc
# default
MAKE_VERSION := 3.81
# environment
USER = dida-sil
# makefile
.DEFAULT_GOAL := all
# makefile (from `Makefile', line 15)
NAME = libft.a
# makefile (from `Makefile', line 19)
PRINTF_DIR = ft_printf/
# automatic
%D = $(patsubst %/,%,$(dir $%))
# makefile (from `Makefile', line 85)
UPPLINE = \e[53m
# default
MAKE_COMMAND := /Applications/Xcode.app/Contents/Developer/usr/bin/make
# default
.VARIABLES := 
# environment
TMPDIR = /var/folders/zz/zyxvpxvq6csfxvn_n000cb_m0032tn/T/
# automatic
*F = $(notdir $*)
# environment
VSCODE_IPC_HOOK = /Users/dida-sil/Library/Application Support/Code/1.70.2-main.sock
# environment
MallocNanoZone = 0
# makefile (from `Makefile', line 73)
RED = \e[38;5;9m
# makefile
MAKEFLAGS = sRrqp
# makefile (from `Makefile', line 87)
CENSORED = \e[9m
# environment
MFLAGS = -sRrqp
# automatic
*D = $(patsubst %/,%,$(dir $*))
# makefile (from `Makefile', line 84)
UNDLINE = \e[4m
# environment
XPC_SERVICE_NAME = com.apple.xpc.launchd.oneshot.0x10000003.Electron
# automatic
+D = $(patsubst %/,%,$(dir $+))
# makefile (from `Makefile', line 74)
YELLOW = \e[38;5;11m
# automatic
+F = $(notdir $+)
# environment
__CF_USER_TEXT_ENCODING = 0x18B55:0x0:0x0
# environment
COMMAND_MODE = unix2003
# default
MAKEFILES := 
# automatic
<F = $(notdir $<)
# makefile (from `Makefile', line 86)
DUNDLINE = \e[21m
# makefile (from `Makefile', line 17)
PRINTF = libftprintf.a
# environment
LC_ALL = C
# makefile (from `Makefile', line 82)
SHADOW = \e[2m
# makefile (from `Makefile', line 89)
DWALIGN = \e[74m
# environment
SECURITYSESSIONID = 186a5
# automatic
^F = $(notdir $^)
# default
SUFFIXES := 
# makefile (from `Makefile', line 90)
FULLER = \e[7m
# default
.INCLUDE_DIRS = /usr/local/include
# makefile (from `Makefile', line 83)
ITALIC = \e[3m
# environment
MAKELEVEL := 1
# environment
LANG = C
# environment
VSCODE_PID = 739
# variable set hash-table stats:
# Load=85/1024=8%, Rehash=0, Collisions=4/131=3%

# Pattern-specific Variable Values

# No pattern-specific variable values.

# Directories

# . (device 16777225, inode 868844): 40 files, no impossibilities.

# 40 files, no impossibilities in 1 directories.

# Implicit Rules

# No implicit rules.

# Files

# Not a target:
ft_strmapi.o:
#  Implicit rule search has not been done.
#  Modification time never checked.
#  File has not been updated.

# Not a target:
ft_memcpy.o:
#  Implicit rule search has not been done.
#  Modification time never checked.
#  File has not been updated.

# Not a target:
ft_itoa.o:
#  Implicit rule search has not been done.
#  Modification time never checked.
#  File has not been updated.

# Not a target:
ft_memcmp.o:
#  Implicit rule search has not been done.
#  Modification time never checked.
#  File has not been updated.

# Not a target:
ft_strlen.o:
#  Implicit rule search has not been done.
#  Modification time never checked.
#  File has not been updated.

# Not a target:
ft_isdigit.o:
#  Implicit rule search has not been done.
#  Modification time never checked.
#  File has not been updated.

all: libft.a
#  Phony target (prerequisite of .PHONY).
#  Implicit rule search has not been done.
#  File does not exist.
#  File has been updated.
#  Needs to be updated (-q is set).
# variable set hash-table stats:
# Load=0/32=0%, Rehash=0, Collisions=0/7=0%

# Not a target:
ft_memchr.o:
#  Implicit rule search has not been done.
#  Modification time never checked.
#  File has not been updated.

.PHONY: all clean fclean re
#  Implicit rule search has not been done.
#  Modification time never checked.
#  File has not been updated.

checking:
#  Implicit rule search has not been done.
#  Implicit/static pattern stem: `'
#  File does not exist.
#  File has been updated.
#  Needs to be updated (-q is set).
# automatic
# @ := checking
# automatic
# % := 
# automatic
# * := 
# automatic
# + := 
# automatic
# | := 
# automatic
# < := 
# automatic
# ^ := 
# automatic
# ? := 
# variable set hash-table stats:
# Load=8/32=25%, Rehash=0, Collisions=4/15=27%
#  commands to execute (from `Makefile', line 120):
	printf "$(BOLD)Checking [$(BLUE)$(UNDLINE)Objects of $(NAME)$(BLANK)]...\n"
	

compiled:
#  Implicit rule search has not been done.
#  Modification time never checked.
#  File has not been updated.
#  commands to execute (from `Makefile', line 123):
	printf "[$(BLUE)$(UNDLINE)Objects of $(NAME)$(BLANK)] $(GREEN)Has Been $(BOLD)Compiled!$(BLANK)\n"
	

# Not a target:
ft_tolower.o:
#  Implicit rule search has not been done.
#  Modification time never checked.
#  File has not been updated.

# Not a target:
ft_strrchr.o:
#  Implicit rule search has not been done.
#  Modification time never checked.
#  File has not been updated.

# Not a target:
ft_strjoin.o:
#  Implicit rule search has not been done.
#  Modification time never checked.
#  File has not been updated.

# Not a target:
ft_split.o:
#  Implicit rule search has not been done.
#  Modification time never checked.
#  File has not been updated.

# Not a target:
 
ft_strlcat.o:
#  Implicit rule search has not been done.
#  Modification time never checked.
#  File has not been updated.

# Not a target:
.SUFFIXES:
#  Implicit rule search has not been done.
#  Modification time never checked.
#  File has not been updated.

# Not a target:
Makefile:
#  Implicit rule search has been done.
#  Last modified 2022-08-23 13:01:58
#  File has been updated.
#  Successfully updated.
# variable set hash-table stats:
# Load=0/32=0%, Rehash=0, Collisions=0/0=0%

# Not a target:
ft_isprint.o:
#  Implicit rule search has not been done.
#  Modification time never checked.
#  File has not been updated.

recompiling:
#  Implicit rule search has not been done.
#  Modification time never checked.
#  File has not been updated.
#  commands to execute (from `Makefile', line 126):
	printf "[$(BLUE)$(UNDLINE)$(NAME)$(BLANK)] is Being $(BOLD)Recompiled$(BLANK)...\n"
	

libft.a: checking ft_atoi.o ft_bzero.o ft_calloc.o ft_isalnum.o ft_isalpha.o ft_isascii.o ft_isdigit.o ft_isprint.o ft_itoa.o ft_memchr.o ft_memcmp.o ft_memcpy.o ft_memmove.o ft_memset.o ft_nbrlen.o ft_putchar_fd.o ft_putendl_fd.o ft_putnbr_fd.o ft_putstr_fd.o ft_split.o ft_strchr.o ft_strdup.o ft_striteri.o ft_strjoin.o ft_strlcat.o ft_strlcpy.o ft_strlen.o ft_strmapi.o ft_strncmp.o ft_strnstr.o ft_strrchr.o ft_strtrim.o ft_substr.o ft_tolower.o ft_toupper.o compiled libftprintf.a
#  Implicit rule search has not been done.
#  File does not exist.
#  File has been updated.
#  Needs to be updated (-q is set).
# variable set hash-table stats:
# Load=0/32=0%, Rehash=0, Collisions=0/7=0%
#  commands to execute (from `Makefile', line 97):
	$(AR) $(NAME) $(OBJS)
	printf "[$(BLUE)$(UNDLINE)$(NAME)$(BLANK)] $(GREEN)Has Been $(BOLD)Created!$(BLANK)\n"
	

# Not a target:
ft_striteri.o:
#  Implicit rule search has not been done.
#  Modification time never checked.
#  File has not been updated.

# Not a target:
ft_bzero.o:
#  Implicit rule search has not been done.
#  Modification time never checked.
#  File has not been updated.

# Not a target:
ft_putnbr_fd.o:
#  Implicit rule search has not been done.
#  Modification time never checked.
#  File has not been updated.

fclean: clean
#  Phony target (prerequisite of .PHONY).
#  Implicit rule search has not been done.
#  File does not exist.
#  File has not been updated.
#  commands to execute (from `Makefile', line 112):
	$(RM) $(NAME)
	printf "[$(BLUE)$(UNDLINE)$(NAME)$(BLANK)] $(RED)Has Been $(BOLD)Deleted!$(BLANK)\n"
	$(RM) $(PRINTF_DIR)$(PRINTF)
	printf "[$(BLUE)$(UNDLINE)libftprintf.a$(BLANK)] $(RED)Has Been $(BOLD)Deleted!$(BLANK)\n"
	

# Not a target:
ft_calloc.o:
#  Implicit rule search has not been done.
#  Modification time never checked.
#  File has not been updated.

# Not a target:
ft_substr.o:
#  Implicit rule search has not been done.
#  Modification time never checked.
#  File has not been updated.

# Not a target:
ft_isalpha.o:
#  Implicit rule search has not been done.
#  Modification time never checked.
#  File has not been updated.

# Not a target:
.DEFAULT:
#  Implicit rule search has not been done.
#  Modification time never checked.
#  File has not been updated.

# Not a target:
ft_strlcpy.o:
#  Implicit rule search has not been done.
#  Modification time never checked.
#  File has not been updated.

# Not a target:
ft_strncmp.o:
#  Implicit rule search has not been done.
#  Modification time never checked.
#  File has not been updated.

re: recompiling fclean all
#  Phony target (prerequisite of .PHONY).
#  Implicit rule search has not been done.
#  File does not exist.
#  File has not been updated.

clean:
#  Phony target (prerequisite of .PHONY).
#  Implicit rule search has not been done.
#  File does not exist.
#  File has not been updated.
#  commands to execute (from `Makefile', line 107):
	$(RM) $(OBJS)
	printf "[$(BLUE)$(UNDLINE)Objects of $(NAME)$(BLANK)] $(YELLOW)Has Been $(BOLD)Deleted!$(BLANK)\n"
	$(MAKE) $(PRINTF_DIR) clean
	

# Not a target:
ft_isalnum.o:
#  Implicit rule search has not been done.
#  Modification time never checked.
#  File has not been updated.

# Not a target:
ft_isascii.o:
#  Implicit rule search has not been done.
#  Modification time never checked.
#  File has not been updated.

# Not a target:
ft_strdup.o:
#  Implicit rule search has not been done.
#  Modification time never checked.
#  File has not been updated.

# Not a target:
ft_memmove.o:
#  Implicit rule search has not been done.
#  Modification time never checked.
#  File has not been updated.

# Not a target:
ft_strchr.o:
#  Implicit rule search has not been done.
#  Modification time never checked.
#  File has not been updated.

# Not a target:
ft_toupper.o:
#  Implicit rule search has not been done.
#  Modification time never checked.
#  File has not been updated.

# Not a target:
ft_strnstr.o:
#  Implicit rule search has not been done.
#  Modification time never checked.
#  File has not been updated.

# Not a target:
ft_putstr_fd.o:
#  Implicit rule search has not been done.
#  Modification time never checked.
#  File has not been updated.

libftprintf.a: ft_printf/libftprintf.a
#  Implicit rule search has not been done.
#  Modification time never checked.
#  File has not been updated.
#  commands to execute (from `Makefile', line 101):
	cp $(PRINTF_DIR)$(PRINTF) ./$(NAME)
	

# Not a target:
ft_memset.o:
#  Implicit rule search has not been done.
#  Modification time never checked.
#  File has not been updated.

# Not a target:
ft_nbrlen.o:
#  Implicit rule search has not been done.
#  Modification time never checked.
#  File has not been updated.

# Not a target:
ft_putchar_fd.o:
#  Implicit rule search has not been done.
#  Modification time never checked.
#  File has not been updated.

# Not a target:
ft_atoi.o:
#  Implicit rule search has not been done.
#  Modification time never checked.
#  File has not been updated.

ft_printf/libftprintf.a:
#  Implicit rule search has not been done.
#  Modification time never checked.
#  File has not been updated.
#  commands to execute (from `Makefile', line 104):
	$(MAKE) $(PRINTF_DIR)
	

# Not a target:
ft_strtrim.o:
#  Implicit rule search has not been done.
#  Modification time never checked.
#  File has not been updated.

# Not a target:
ft_putendl_fd.o:
#  Implicit rule search has not been done.
#  Modification time never checked.
#  File has not been updated.

# files hash-table stats:
# Load=49/1024=5%, Rehash=0, Collisions=6/110=5%
# VPATH Search Paths

# No `vpath' search paths.

# No general (`VPATH' variable) search path.

# # of strings in strcache: 1
# # of strcache buffers: 1
# strcache size: total = 4096 / max = 4096 / min = 4096 / avg = 4096
# strcache free: total = 4087 / max = 4087 / min = 4087 / avg = 4087

# Finished Make data base on Tue Aug 23 13:07:58 2022

 
make: *** [libft/libft.a] Error 1


# Make data base, printed on Tue Aug 23 13:07:58 2022

# Variables

# automatic
<D = $(patsubst %/,%,$(dir $<))
# automatic
?F = $(notdir $?)
# makefile (from `Makefile', line 19)
SERVER = server
# automatic
?D = $(patsubst %/,%,$(dir $?))
# automatic
@D = $(patsubst %/,%,$(dir $@))
# automatic
@F = $(notdir $@)
# makefile
CURDIR := /Users/dida-sil/Desktop/foco
# makefile (from `Makefile', line 52)
PINK = \e[38;5;13m
# makefile
SHELL = /bin/sh
# makefile (from `Makefile', line 38)
RM = rm -rf
# environment
VSCODE_NLS_CONFIG = {"locale":"en-us","availableLanguages":{},"_languagePackSupport":true}
# environment
_ = /usr/bin/make
# makefile (from `Makefile', line 41)
CFLAGS = -g -Wall -Wextra -Werror
# makefile (from `Makefile', line 50)
BLUE = \e[38;5;6m
# makefile (from `Makefile', line 1)
MAKEFILE_LIST :=  Makefile
# makefile (from `Makefile', line 31)
CLT_OBJS = $(CLT_SRCS:.c=.o)
# makefile (from `Makefile', line 46)
BLANK = \e[m
# environment
VSCODE_CWD = /
# environment
PATH = /usr/local/bin:/usr/bin:/bin:/usr/sbin:/sbin:/usr/local/munki
# environment
LaunchInstanceID = F68A9196-5B02-44D4-A4DF-A2B99BCD4339
# makefile (from `Makefile', line 37)
AR = ar rcs
# environment
ELECTRON_RUN_AS_NODE = 1
# default
.FEATURES := target-specific order-only second-expansion else-if archives jobserver check-symlink
# makefile (from `Makefile', line 23)
LIBFT_DIR = libft/
# makefile (from `Makefile', line 51)
PURPLE = \e[38;5;5m
# environment
SSH_AUTH_SOCK = /private/tmp/com.apple.launchd.RKXt1S2j8d/Listeners
# automatic
%F = $(notdir $%)
# makefile (from `Makefile', line 33)
SRV_OBJS = $(SRV_SRCS:.c=.o)
# environment
PWD = /Users/dida-sil/Desktop/foco
# makefile (from `Makefile', line 62)
UPALIGN = \e[73m
# makefile (from `Makefile', line 55)
STRONG = \e[1m
# environment
ORIGINAL_XDG_CURRENT_DESKTOP = undefined
# makefile (from `Makefile', line 49)
GREEN = \e[38;5;2m
# environment
VSCODE_AMD_ENTRYPOINT = vs/workbench/api/node/extensionHostProcess
# environment
HOME = /Users/dida-sil
# default
MAKEFILEPATH := /Applications/Xcode.app/Contents/Developer/Makefiles
# environment
VSCODE_CODE_CACHE_PATH = /Users/dida-sil/Library/Application Support/Code/CachedData/e4503b30fc78200f846c62cf8091b76ff5547662
# makefile (from `Makefile', line 27)
CLT_SRCS = client.o
# environment
LOGNAME = dida-sil
# environment
APPLICATION_INSIGHTS_NO_DIAGNOSTIC_CHANNEL = 1
# environment
VSCODE_HANDLES_UNCAUGHT_ERRORS = true
# automatic
^D = $(patsubst %/,%,$(dir $^))
# environment
XPC_FLAGS = 0x0
# makefile (from `Makefile', line 40)
MAKE = make -C
# default
MAKECMDGOALS := all
# environment
SHLVL = 1
# makefile (from `Makefile', line 17)
CLIENT = client
# makefile (from `Makefile', line 53)
WHITE = \e[38;5;15m
# makefile (from `Makefile', line 21)
LIBFT = libft.a
# makefile (from `Makefile', line 39)
CC = cc
# default
MAKE_VERSION := 3.81
# environment
USER = dida-sil
# makefile
.DEFAULT_GOAL := all
# makefile (from `Makefile', line 15)
NAME = minitalk
# automatic
%D = $(patsubst %/,%,$(dir $%))
# makefile (from `Makefile', line 59)
UPPLINE = \e[53m
# default
MAKE_COMMAND := /Applications/Xcode.app/Contents/Developer/usr/bin/make
# default
.VARIABLES := 
# environment
TMPDIR = /var/folders/zz/zyxvpxvq6csfxvn_n000cb_m0032tn/T/
# automatic
*F = $(notdir $*)
# environment
VSCODE_IPC_HOOK = /Users/dida-sil/Library/Application Support/Code/1.70.2-main.sock
# environment
MallocNanoZone = 0
# makefile (from `Makefile', line 47)
RED = \e[38;5;9m
# makefile
MAKEFLAGS = sRrqp
# makefile (from `Makefile', line 61)
CENSORED = \e[9m
# environment
MFLAGS = -sRrqp
# automatic
*D = $(patsubst %/,%,$(dir $*))
# makefile (from `Makefile', line 58)
UNDLINE = \e[4m
# environment
XPC_SERVICE_NAME = com.apple.xpc.launchd.oneshot.0x10000003.Electron
# automatic
+D = $(patsubst %/,%,$(dir $+))
# makefile (from `Makefile', line 48)
YELLOW = \e[38;5;11m
# automatic
+F = $(notdir $+)
# makefile (from `Makefile', line 29)
SRV_SRCS = server.o
# environment
__CF_USER_TEXT_ENCODING = 0x18B55:0x0:0x0
# environment
COMMAND_MODE = unix2003
# default
MAKEFILES := 
# automatic
<F = $(notdir $<)
# makefile (from `Makefile', line 60)
DUNDLINE = \e[21m
# environment
LC_ALL = C
# makefile (from `Makefile', line 56)
SHADOW = \e[2m
# makefile (from `Makefile', line 63)
DWALIGN = \e[74m
# environment
SECURITYSESSIONID = 186a5
# automatic
^F = $(notdir $^)
# default
SUFFIXES := 
# makefile (from `Makefile', line 64)
FULLER = \e[7m
# default
.INCLUDE_DIRS = /usr/local/include
# makefile (from `Makefile', line 57)
ITALIC = \e[3m
# environment
MAKELEVEL := 0
# environment
LANG = C
# environment
VSCODE_PID = 739
# variable set hash-table stats:
# Load=90/1024=9%, Rehash=0, Collisions=2/137=1%

# Pattern-specific Variable Values

# No pattern-specific variable values.

# Directories

# . (device 16777225, inode 868796): 9 files, no impossibilities.

# 9 files, no impossibilities in 1 directories.

# Implicit Rules

# No implicit rules.

# Files

all: minitalk
#  Phony target (prerequisite of .PHONY).
#  Command-line target.
#  Implicit rule search has not been done.
#  File does not exist.
#  File has not been updated.
# variable set hash-table stats:
# Load=0/32=0%, Rehash=0, Collisions=0/4=0%

# Not a target:
client.o:
#  Implicit rule search has not been done.
#  Modification time never checked.
#  File has not been updated.

client: cli_checking client.o
#  Implicit rule search has not been done.
#  Modification time never checked.
#  File has not been updated.
#  commands to execute (from `Makefile', line 79):
	printf "[$(BLUE)$(UNDLINE)Objects of $(CLIENT)$(BLANK)] $(GREEN)Has Been $(BOLD)Compiled!$(BLANK)\n"
	$(CC) $(CFLAGS) $(CLT_OBJS) $(LIBFT) -o $(CLIENT)
	printf "[$(BLUE)$(UNDLINE)$(CLIENT)$(BLANK)] $(GREEN)Has Been $(BOLD)Created!$(BLANK)\n"
	

.PHONY: all clean fclean re
#  Implicit rule search has not been done.
#  Modification time never checked.
#  File has not been updated.

# Not a target:
.SUFFIXES:
#  Implicit rule search has not been done.
#  Modification time never checked.
#  File has not been updated.

# Not a target:
Makefile:
#  Implicit rule search has been done.
#  Last modified 2022-08-23 13:02:00
#  File has been updated.
#  Successfully updated.
# variable set hash-table stats:
# Load=0/32=0%, Rehash=0, Collisions=0/0=0%

# Not a target:
server.o:
#  Implicit rule search has not been done.
#  Modification time never checked.
#  File has not been updated.

server: srv_checking server.o
#  Implicit rule search has not been done.
#  Modification time never checked.
#  File has not been updated.
#  commands to execute (from `Makefile', line 84):
	printf "[$(BLUE)$(UNDLINE)Objects of $(SERVER)$(BLANK)] $(GREEN)Has Been $(BOLD)Compiled!$(BLANK)\n"
	$(CC) $(CFLAGS) $(SRV_OBJS) $(LIBFT) -o $(SERVER)
	printf "[$(BLUE)$(UNDLINE)$(SERVER)$(BLANK)] $(GREEN)Has Been $(BOLD)Created!$(BLANK)\n"
	

libft.a: libft/libft.a
#  Implicit rule search has not been done.
#  File does not exist.
#  File has not been updated.
# variable set hash-table stats:
# Load=0/32=0%, Rehash=0, Collisions=0/4=0%
#  commands to execute (from `Makefile', line 73):
	cp $(LIBFT_DIR)$(LIBFT) ./
	

libft/libft.a:
#  Implicit rule search has not been done.
#  Implicit/static pattern stem: `'
#  Modification time never checked.
#  File has been updated.
#  Failed to be updated.
# automatic
# @ := libft/libft.a
# automatic
# % := 
# automatic
# * := 
# automatic
# + := 
# automatic
# | := 
# automatic
# < := 
# automatic
# ^ := 
# automatic
# ? := 
# variable set hash-table stats:
# Load=8/32=25%, Rehash=0, Collisions=3/12=25%
#  commands to execute (from `Makefile', line 76):
	$(MAKE) $(LIBFT_DIR)
	

srv_checking:
#  Implicit rule search has not been done.
#  Modification time never checked.
#  File has not been updated.
#  commands to execute (from `Makefile', line 107):
	printf "$(BOLD)Checking [$(BLUE)$(UNDLINE)Objects of $(SERVER)$(BLANK)]...\n"
	

minitalk: libft.a client server
#  Implicit rule search has been done.
#  File does not exist.
#  File has not been updated.
# variable set hash-table stats:
# Load=0/32=0%, Rehash=0, Collisions=0/4=0%

fclean: clean
#  Phony target (prerequisite of .PHONY).
 
#  Implicit rule search has not been done.
#  File does not exist.
#  File has not been updated.
#  commands to execute (from `Makefile', line 96):
	$(RM) $(SERVER) $(CLIENT) $(LIBFT)
	printf "[$(BLUE)$(UNDLINE)$(CLIENT)$(BLANK)] $(RED)Has Been $(BOLD)Deleted!$(BLANK)\n"
	printf "[$(BLUE)$(UNDLINE)$(SERVER)$(BLANK)] $(RED)Has Been $(BOLD)Deleted!$(BLANK)\n"
	$(MAKE) $(LIBFT_DIR) fclean
	

# Not a target:
.DEFAULT:
#  Implicit rule search has not been done.
#  Modification time never checked.
#  File has not been updated.

re: fclean all
#  Phony target (prerequisite of .PHONY).
#  Implicit rule search has not been done.
#  File does not exist.
#  File has not been updated.

clean:
#  Phony target (prerequisite of .PHONY).
#  Implicit rule search has not been done.
#  File does not exist.
#  File has not been updated.
#  commands to execute (from `Makefile', line 89):
	$(RM) $(CLT_OBJS)
	printf "[$(BLUE)$(UNDLINE)Objects of $(CLIENT)$(BLANK)] $(YELLOW)Has Been $(BOLD)Deleted!$(BLANK)\n"
	$(RM) $(SRV_OBJS)
	printf "[$(BLUE)$(UNDLINE)Objects of $(SERVER)$(BLANK)] $(YELLOW)Has Been $(BOLD)Deleted!$(BLANK)\n"
	$(MAKE) $(LIBFT_DIR) clean
	

cli_checking:
#  Implicit rule search has not been done.
#  Modification time never checked.
#  File has not been updated.
#  commands to execute (from `Makefile', line 104):
	printf "$(BOLD)Checking [$(BLUE)$(UNDLINE)Objects of $(CLIENT)$(BLANK)]...\n"
	

# files hash-table stats:
# Load=17/1024=2%, Rehash=0, Collisions=0/48=0%
# VPATH Search Paths

# No `vpath' search paths.

# No general (`VPATH' variable) search path.

# # of strings in strcache: 1
# # of strcache buffers: 1
# strcache size: total = 4096 / max = 4096 / min = 4096 / avg = 4096
# strcache free: total = 4087 / max = 4087 / min = 4087 / avg = 4087

# Finished Make data base on Tue Aug 23 13:07:58 2022

 
